# JRE version: OpenJDK Runtime Environment (11.0.11+9) (build 11.0.11+9-b60-7590822)
# Java VM: OpenJDK 64-Bit Server VM (11.0.11+9-b60-7590822, mixed mode, tiered, compressed oops, g1 gc, windows-amd64)
Heap:
 garbage-first heap   total 447488K, used 237264K [0x0000000080000000, 0x0000000100000000)
  region size 1024K, 3 young (3072K), 3 survivors (3072K)
 Metaspace       used 145875K, capacity 150240K, committed 150348K, reserved 1179648K
  class space    used 17852K, capacity 19487K, committed 19532K, reserved 1048576K
GC Heap History (20 events):
Event: 1316.583 GC heap after
{Heap after GC invocations=100 (full 0):
 garbage-first heap   total 233472K, used 122289K [0x0000000080000000, 0x0000000100000000)
  region size 1024K, 2 young (2048K), 2 survivors (2048K)
 Metaspace       used 145665K, capacity 150062K, committed 150348K, reserved 1179648K
  class space    used 17846K, capacity 19477K, committed 19532K, reserved 1048576K
}
Event: 1318.199 GC heap before
{Heap before GC invocations=101 (full 0):
 garbage-first heap   total 233472K, used 211377K [0x0000000080000000, 0x0000000100000000)
  region size 1024K, 69 young (70656K), 2 survivors (2048K)
 Metaspace       used 145743K, capacity 150108K, committed 150348K, reserved 1179648K
  class space    used 17852K, capacity 19487K, committed 19532K, reserved 1048576K
}
Event: 1318.207 GC heap after
{Heap after GC invocations=102 (full 0):
 garbage-first heap   total 233472K, used 147853K [0x0000000080000000, 0x0000000100000000)
  region size 1024K, 9 young (9216K), 9 survivors (9216K)
 Metaspace       used 145743K, capacity 150108K, committed 150348K, reserved 1179648K
  class space    used 17852K, capacity 19487K, committed 19532K, reserved 1048576K
}
Event: 1318.211 GC heap before
{Heap before GC invocations=102 (full 0):
 garbage-first heap   total 233472K, used 159117K [0x0000000080000000, 0x0000000100000000)
  region size 1024K, 11 young (11264K), 9 survivors (9216K)
 Metaspace       used 145745K, capacity 150108K, committed 150348K, reserved 1179648K
  class space    used 17852K, capacity 19487K, committed 19532K, reserved 1048576K
}
Event: 1318.215 GC heap after
{Heap after GC invocations=103 (full 0):
 garbage-first heap   total 233472K, used 153106K [0x0000000080000000, 0x0000000100000000)
  region size 1024K, 1 young (1024K), 1 survivors (1024K)
 Metaspace       used 145745K, capacity 150108K, committed 150348K, reserved 1179648K
  class space    used 17852K, capacity 19487K, committed 19532K, reserved 1048576K
}
Event: 1318.335 GC heap before
{Heap before GC invocations=103 (full 0):
 garbage-first heap   total 233472K, used 182802K [0x0000000080000000, 0x0000000100000000)
  region size 1024K, 31 young (31744K), 1 survivors (1024K)
 Metaspace       used 145745K, capacity 150108K, committed 150348K, reserved 1179648K
  class space    used 17852K, capacity 19487K, committed 19532K, reserved 1048576K
}
Event: 1318.354 GC heap after
{Heap after GC invocations=104 (full 0):
 garbage-first heap   total 233472K, used 166519K [0x0000000080000000, 0x0000000100000000)
  region size 1024K, 6 young (6144K), 6 survivors (6144K)
 Metaspace       used 145745K, capacity 150108K, committed 150348K, reserved 1179648K
  class space    used 17852K, capacity 19487K, committed 19532K, reserved 1048576K
}
Event: 1318.479 GC heap before
{Heap before GC invocations=104 (full 0):
 garbage-first heap   total 233472K, used 192119K [0x0000000080000000, 0x0000000100000000)
  region size 1024K, 30 young (30720K), 6 survivors (6144K)
 Metaspace       used 145802K, capacity 150172K, committed 150348K, reserved 1179648K
  class space    used 17852K, capacity 19487K, committed 19532K, reserved 1048576K
}
Event: 1318.502 GC heap after
{Heap after GC invocations=105 (full 0):
 garbage-first heap   total 233472K, used 179328K [0x0000000080000000, 0x0000000100000000)
  region size 1024K, 4 young (4096K), 4 survivors (4096K)
 Metaspace       used 145802K, capacity 150172K, committed 150348K, reserved 1179648K
  class space    used 17852K, capacity 19487K, committed 19532K, reserved 1048576K
}
Event: 1318.598 GC heap before
{Heap before GC invocations=105 (full 0):
 garbage-first heap   total 233472K, used 193664K [0x0000000080000000, 0x0000000100000000)
  region size 1024K, 18 young (18432K), 4 survivors (4096K)
 Metaspace       used 145834K, capacity 150238K, committed 150348K, reserved 1179648K
  class space    used 17852K, capacity 19487K, committed 19532K, reserved 1048576K
}
Event: 1318.616 GC heap after
{Heap after GC invocations=106 (full 0):
 garbage-first heap   total 233472K, used 187621K [0x0000000080000000, 0x0000000100000000)
  region size 1024K, 3 young (3072K), 3 survivors (3072K)
 Metaspace       used 145834K, capacity 150238K, committed 150348K, reserved 1179648K
  class space    used 17852K, capacity 19487K, committed 19532K, reserved 1048576K
}
Event: 1318.685 GC heap before
{Heap before GC invocations=106 (full 0):
 garbage-first heap   total 233472K, used 196837K [0x0000000080000000, 0x0000000100000000)
  region size 1024K, 13 young (13312K), 3 survivors (3072K)
 Metaspace       used 145838K, capacity 150238K, committed 150348K, reserved 1179648K
  class space    used 17852K, capacity 19487K, committed 19532K, reserved 1048576K
}
Event: 1318.702 GC heap after
{Heap after GC invocations=107 (full 0):
 garbage-first heap   total 292864K, used 192719K [0x0000000080000000, 0x0000000100000000)
  region size 1024K, 2 young (2048K), 2 survivors (2048K)
 Metaspace       used 145838K, capacity 150238K, committed 150348K, reserved 1179648K
  class space    used 17852K, capacity 19487K, committed 19532K, reserved 1048576K
}
Event: 1318.937 GC heap before
{Heap before GC invocations=108 (full 0):
 garbage-first heap   total 292864K, used 227535K [0x0000000080000000, 0x0000000100000000)
  region size 1024K, 36 young (36864K), 2 survivors (2048K)
 Metaspace       used 145848K, capacity 150240K, committed 150348K, reserved 1179648K
  class space    used 17852K, capacity 19487K, committed 19532K, reserved 1048576K
}
Event: 1318.971 GC heap after
{Heap after GC invocations=109 (full 0):
 garbage-first heap   total 292864K, used 211806K [0x0000000080000000, 0x0000000100000000)
  region size 1024K, 5 young (5120K), 5 survivors (5120K)
 Metaspace       used 145848K, capacity 150240K, committed 150348K, reserved 1179648K
  class space    used 17852K, capacity 19487K, committed 19532K, reserved 1048576K
}
Event: 1319.005 GC heap before
{Heap before GC invocations=109 (full 0):
 garbage-first heap   total 292864K, used 219998K [0x0000000080000000, 0x0000000100000000)
  region size 1024K, 14 young (14336K), 5 survivors (5120K)
 Metaspace       used 145851K, capacity 150240K, committed 150348K, reserved 1179648K
  class space    used 17852K, capacity 19487K, committed 19532K, reserved 1048576K
}
Event: 1319.027 GC heap after
{Heap after GC invocations=110 (full 0):
 garbage-first heap   total 292864K, used 217033K [0x0000000080000000, 0x0000000100000000)
  region size 1024K, 2 young (2048K), 2 survivors (2048K)
 Metaspace       used 145851K, capacity 150240K, committed 150348K, reserved 1179648K
  class space    used 17852K, capacity 19487K, committed 19532K, reserved 1048576K
}
Event: 1319.104 GC heap before
{Heap before GC invocations=110 (full 0):
 garbage-first heap   total 292864K, used 237513K [0x0000000080000000, 0x0000000100000000)
  region size 1024K, 22 young (22528K), 2 survivors (2048K)
 Metaspace       used 145853K, capacity 150240K, committed 150348K, reserved 1179648K
  class space    used 17852K, capacity 19487K, committed 19532K, reserved 1048576K
}
Event: 1319.121 GC heap after
{Heap after GC invocations=111 (full 0):
 garbage-first heap   total 292864K, used 228852K [0x0000000080000000, 0x0000000100000000)
  region size 1024K, 3 young (3072K), 3 survivors (3072K)
 Metaspace       used 145853K, capacity 150240K, committed 150348K, reserved 1179648K
  class space    used 17852K, capacity 19487K, committed 19532K, reserved 1048576K
}
Event: 1319.314 GC heap before
{Heap before GC invocations=111 (full 0):
 garbage-first heap   total 292864K, used 243188K [0x0000000080000000, 0x0000000100000000)
  region size 1024K, 17 young (17408K), 3 survivors (3072K)
 Metaspace       used 145875K, capacity 150240K, committed 150348K, reserved 1179648K
  class space    used 17852K, capacity 19487K, committed 19532K, reserved 1048576K
}

