# JRE version: OpenJDK Runtime Environment (11.0.11+9) (build 11.0.11+9-b60-7590822)
# Java VM: OpenJDK 64-Bit Server VM (11.0.11+9-b60-7590822, mixed mode, tiered, compressed oops, g1 gc, windows-amd64)
Heap:
 garbage-first heap   total 194560K, used 125936K [0x0000000080000000, 0x0000000100000000)
  region size 1024K, 19 young (19456K), 4 survivors (4096K)
 Metaspace       used 109980K, capacity 113777K, committed 114124K, reserved 1146880K
  class space    used 14291K, capacity 15710K, committed 15820K, reserved 1048576K
GC Heap History (20 events):
Event: 88.082 GC heap before
{Heap before GC invocations=23 (full 0):
 garbage-first heap   total 194560K, used 157049K [0x0000000080000000, 0x0000000100000000)
  region size 1024K, 42 young (43008K), 6 survivors (6144K)
 Metaspace       used 95488K, capacity 98067K, committed 98380K, reserved 1134592K
  class space    used 12099K, capacity 13037K, committed 13132K, reserved 1048576K
}
Event: 88.095 GC heap after
{Heap after GC invocations=24 (full 0):
 garbage-first heap   total 194560K, used 122815K [0x0000000080000000, 0x0000000100000000)
  region size 1024K, 3 young (3072K), 3 survivors (3072K)
 Metaspace       used 95488K, capacity 98067K, committed 98380K, reserved 1134592K
  class space    used 12099K, capacity 13037K, committed 13132K, reserved 1048576K
}
Event: 88.166 GC heap before
{Heap before GC invocations=24 (full 0):
 garbage-first heap   total 194560K, used 128959K [0x0000000080000000, 0x0000000100000000)
  region size 1024K, 9 young (9216K), 3 survivors (3072K)
 Metaspace       used 95521K, capacity 98131K, committed 98380K, reserved 1134592K
  class space    used 12099K, capacity 13037K, committed 13132K, reserved 1048576K
}
Event: 88.179 GC heap after
{Heap after GC invocations=25 (full 0):
 garbage-first heap   total 194560K, used 113230K [0x0000000080000000, 0x0000000100000000)
  region size 1024K, 1 young (1024K), 1 survivors (1024K)
 Metaspace       used 95521K, capacity 98131K, committed 98380K, reserved 1134592K
  class space    used 12099K, capacity 13037K, committed 13132K, reserved 1048576K
}
Event: 89.908 GC heap before
{Heap before GC invocations=25 (full 0):
 garbage-first heap   total 194560K, used 153166K [0x0000000080000000, 0x0000000100000000)
  region size 1024K, 41 young (41984K), 1 survivors (1024K)
 Metaspace       used 95948K, capacity 98496K, committed 98636K, reserved 1134592K
  class space    used 12119K, capacity 13048K, committed 13132K, reserved 1048576K
}
Event: 89.914 GC heap after
{Heap after GC invocations=26 (full 0):
 garbage-first heap   total 194560K, used 115485K [0x0000000080000000, 0x0000000100000000)
  region size 1024K, 3 young (3072K), 3 survivors (3072K)
 Metaspace       used 95948K, capacity 98496K, committed 98636K, reserved 1134592K
  class space    used 12119K, capacity 13048K, committed 13132K, reserved 1048576K
}
Event: 91.467 GC heap before
{Heap before GC invocations=27 (full 0):
 garbage-first heap   total 194560K, used 157469K [0x0000000080000000, 0x0000000100000000)
  region size 1024K, 43 young (44032K), 3 survivors (3072K)
 Metaspace       used 97506K, capacity 100235K, committed 100428K, reserved 1136640K
  class space    used 12342K, capacity 13311K, committed 13388K, reserved 1048576K
}
Event: 91.477 GC heap after
{Heap after GC invocations=28 (full 0):
 garbage-first heap   total 194560K, used 118674K [0x0000000080000000, 0x0000000100000000)
  region size 1024K, 6 young (6144K), 6 survivors (6144K)
 Metaspace       used 97506K, capacity 100235K, committed 100428K, reserved 1136640K
  class space    used 12342K, capacity 13311K, committed 13388K, reserved 1048576K
}
Event: 91.486 GC heap before
{Heap before GC invocations=28 (full 0):
 garbage-first heap   total 194560K, used 120722K [0x0000000080000000, 0x0000000100000000)
  region size 1024K, 9 young (9216K), 6 survivors (6144K)
 Metaspace       used 97572K, capacity 100300K, committed 100428K, reserved 1136640K
  class space    used 12344K, capacity 13311K, committed 13388K, reserved 1048576K
}
Event: 91.504 GC heap after
{Heap after GC invocations=29 (full 0):
 garbage-first heap   total 194560K, used 112565K [0x0000000080000000, 0x0000000100000000)
  region size 1024K, 1 young (1024K), 1 survivors (1024K)
 Metaspace       used 97572K, capacity 100300K, committed 100428K, reserved 1136640K
  class space    used 12344K, capacity 13311K, committed 13388K, reserved 1048576K
}
Event: 92.315 GC heap before
{Heap before GC invocations=29 (full 0):
 garbage-first heap   total 194560K, used 154549K [0x0000000080000000, 0x0000000100000000)
  region size 1024K, 43 young (44032K), 1 survivors (1024K)
 Metaspace       used 102554K, capacity 105595K, committed 105932K, reserved 1140736K
  class space    used 13073K, capacity 14168K, committed 14284K, reserved 1048576K
}
Event: 92.342 GC heap after
{Heap after GC invocations=30 (full 0):
 garbage-first heap   total 194560K, used 121538K [0x0000000080000000, 0x0000000100000000)
  region size 1024K, 6 young (6144K), 6 survivors (6144K)
 Metaspace       used 102554K, capacity 105595K, committed 105932K, reserved 1140736K
  class space    used 13073K, capacity 14168K, committed 14284K, reserved 1048576K
}
Event: 92.806 GC heap before
{Heap before GC invocations=31 (full 0):
 garbage-first heap   total 194560K, used 158402K [0x0000000080000000, 0x0000000100000000)
  region size 1024K, 43 young (44032K), 6 survivors (6144K)
 Metaspace       used 106717K, capacity 110135K, committed 110412K, reserved 1144832K
  class space    used 13844K, capacity 15135K, committed 15180K, reserved 1048576K
}
Event: 92.822 GC heap after
{Heap after GC invocations=32 (full 0):
 garbage-first heap   total 194560K, used 124051K [0x0000000080000000, 0x0000000100000000)
  region size 1024K, 3 young (3072K), 3 survivors (3072K)
 Metaspace       used 106717K, capacity 110135K, committed 110412K, reserved 1144832K
  class space    used 13844K, capacity 15135K, committed 15180K, reserved 1048576K
}
Event: 92.854 GC heap before
{Heap before GC invocations=32 (full 0):
 garbage-first heap   total 194560K, used 130195K [0x0000000080000000, 0x0000000100000000)
  region size 1024K, 9 young (9216K), 3 survivors (3072K)
 Metaspace       used 106894K, capacity 110373K, committed 110540K, reserved 1144832K
  class space    used 13872K, capacity 15194K, committed 15308K, reserved 1048576K
}
Event: 92.868 GC heap after
{Heap after GC invocations=33 (full 0):
 garbage-first heap   total 194560K, used 109137K [0x0000000080000000, 0x0000000100000000)
  region size 1024K, 1 young (1024K), 1 survivors (1024K)
 Metaspace       used 106894K, capacity 110373K, committed 110540K, reserved 1144832K
  class space    used 13872K, capacity 15194K, committed 15308K, reserved 1048576K
}
Event: 93.150 GC heap before
{Heap before GC invocations=33 (full 0):
 garbage-first heap   total 194560K, used 152145K [0x0000000080000000, 0x0000000100000000)
  region size 1024K, 43 young (44032K), 1 survivors (1024K)
 Metaspace       used 108500K, capacity 112060K, committed 112332K, reserved 1146880K
  class space    used 14110K, capacity 15455K, committed 15564K, reserved 1048576K
}
Event: 93.157 GC heap after
{Heap after GC invocations=34 (full 0):
 garbage-first heap   total 194560K, used 109750K [0x0000000080000000, 0x0000000100000000)
  region size 1024K, 2 young (2048K), 2 survivors (2048K)
 Metaspace       used 108500K, capacity 112060K, committed 112332K, reserved 1146880K
  class space    used 14110K, capacity 15455K, committed 15564K, reserved 1048576K
}
Event: 93.442 GC heap before
{Heap before GC invocations=34 (full 0):
 garbage-first heap   total 194560K, used 154806K [0x0000000080000000, 0x0000000100000000)
  region size 1024K, 46 young (47104K), 2 survivors (2048K)
 Metaspace       used 109640K, capacity 113411K, committed 113612K, reserved 1146880K
  class space    used 14259K, capacity 15703K, committed 15820K, reserved 1048576K
}
Event: 93.446 GC heap after
{Heap after GC invocations=35 (full 0):
 garbage-first heap   total 194560K, used 112624K [0x0000000080000000, 0x0000000100000000)
  region size 1024K, 4 young (4096K), 4 survivors (4096K)
 Metaspace       used 109640K, capacity 113411K, committed 113612K, reserved 1146880K
  class space    used 14259K, capacity 15703K, committed 15820K, reserved 1048576K
}

