# JRE version: OpenJDK Runtime Environment (11.0.11+9) (build 11.0.11+9-b60-7590822)
# Java VM: OpenJDK 64-Bit Server VM (11.0.11+9-b60-7590822, mixed mode, tiered, compressed oops, g1 gc, windows-amd64)
Heap:
 garbage-first heap   total 320512K, used 163595K [0x0000000080000000, 0x0000000100000000)
  region size 1024K, 1 young (1024K), 1 survivors (1024K)
 Metaspace       used 140839K, capacity 145123K, committed 145356K, reserved 1175552K
  class space    used 17796K, capacity 19394K, committed 19404K, reserved 1048576K
GC Heap History (20 events):
Event: 1957.733 GC heap after
{Heap after GC invocations=82 (full 0):
 garbage-first heap   total 194560K, used 163565K [0x0000000080000000, 0x0000000100000000)
  region size 1024K, 2 young (2048K), 2 survivors (2048K)
 Metaspace       used 130302K, capacity 133820K, committed 134092K, reserved 1165312K
  class space    used 16226K, capacity 17505K, committed 17612K, reserved 1048576K
}
Event: 1957.890 GC heap before
{Heap before GC invocations=82 (full 0):
 garbage-first heap   total 194560K, used 170733K [0x0000000080000000, 0x0000000100000000)
  region size 1024K, 9 young (9216K), 2 survivors (2048K)
 Metaspace       used 131214K, capacity 134724K, committed 134988K, reserved 1167360K
  class space    used 16361K, capacity 17663K, committed 17740K, reserved 1048576K
}
Event: 1957.894 GC heap after
{Heap after GC invocations=83 (full 0):
 garbage-first heap   total 194560K, used 164535K [0x0000000080000000, 0x0000000100000000)
  region size 1024K, 2 young (2048K), 2 survivors (2048K)
 Metaspace       used 131214K, capacity 134724K, committed 134988K, reserved 1167360K
  class space    used 16361K, capacity 17663K, committed 17740K, reserved 1048576K
}
Event: 1957.937 GC heap before
{Heap before GC invocations=83 (full 0):
 garbage-first heap   total 194560K, used 171703K [0x0000000080000000, 0x0000000100000000)
  region size 1024K, 9 young (9216K), 2 survivors (2048K)
 Metaspace       used 131362K, capacity 134960K, committed 135244K, reserved 1167360K
  class space    used 16373K, capacity 17699K, committed 17740K, reserved 1048576K
}
Event: 1957.947 GC heap after
{Heap after GC invocations=84 (full 0):
 garbage-first heap   total 194560K, used 167153K [0x0000000080000000, 0x0000000100000000)
  region size 1024K, 2 young (2048K), 2 survivors (2048K)
 Metaspace       used 131362K, capacity 134960K, committed 135244K, reserved 1167360K
  class space    used 16373K, capacity 17699K, committed 17740K, reserved 1048576K
}
Event: 1958.003 GC heap before
{Heap before GC invocations=84 (full 0):
 garbage-first heap   total 194560K, used 174321K [0x0000000080000000, 0x0000000100000000)
  region size 1024K, 9 young (9216K), 2 survivors (2048K)
 Metaspace       used 131549K, capacity 135110K, committed 135244K, reserved 1167360K
  class space    used 16400K, capacity 17706K, committed 17740K, reserved 1048576K
}
Event: 1958.010 GC heap after
{Heap after GC invocations=85 (full 0):
 garbage-first heap   total 194560K, used 169869K [0x0000000080000000, 0x0000000100000000)
  region size 1024K, 2 young (2048K), 2 survivors (2048K)
 Metaspace       used 131549K, capacity 135110K, committed 135244K, reserved 1167360K
  class space    used 16400K, capacity 17706K, committed 17740K, reserved 1048576K
}
Event: 1958.179 GC heap before
{Heap before GC invocations=85 (full 0):
 garbage-first heap   total 194560K, used 177037K [0x0000000080000000, 0x0000000100000000)
  region size 1024K, 9 young (9216K), 2 survivors (2048K)
 Metaspace       used 132642K, capacity 136230K, committed 136524K, reserved 1167360K
  class space    used 16551K, capacity 17897K, committed 17996K, reserved 1048576K
}
Event: 1958.186 GC heap after
{Heap after GC invocations=86 (full 0):
 garbage-first heap   total 194560K, used 171065K [0x0000000080000000, 0x0000000100000000)
  region size 1024K, 1 young (1024K), 1 survivors (1024K)
 Metaspace       used 132642K, capacity 136230K, committed 136524K, reserved 1167360K
  class space    used 16551K, capacity 17897K, committed 17996K, reserved 1048576K
}
Event: 1958.433 GC heap before
{Heap before GC invocations=87 (full 0):
 garbage-first heap   total 194560K, used 178233K [0x0000000080000000, 0x0000000100000000)
  region size 1024K, 9 young (9216K), 1 survivors (1024K)
 Metaspace       used 134221K, capacity 137924K, committed 138188K, reserved 1169408K
  class space    used 16862K, capacity 18247K, committed 18380K, reserved 1048576K
}
Event: 1958.437 GC heap after
{Heap after GC invocations=88 (full 0):
 garbage-first heap   total 194560K, used 171296K [0x0000000080000000, 0x0000000100000000)
  region size 1024K, 2 young (2048K), 2 survivors (2048K)
 Metaspace       used 134221K, capacity 137924K, committed 138188K, reserved 1169408K
  class space    used 16862K, capacity 18247K, committed 18380K, reserved 1048576K
}
Event: 1958.548 GC heap before
{Heap before GC invocations=88 (full 0):
 garbage-first heap   total 194560K, used 178464K [0x0000000080000000, 0x0000000100000000)
  region size 1024K, 9 young (9216K), 2 survivors (2048K)
 Metaspace       used 135308K, capacity 139102K, committed 139340K, reserved 1169408K
  class space    used 17040K, capacity 18483K, committed 18508K, reserved 1048576K
}
Event: 1958.558 GC heap after
{Heap after GC invocations=89 (full 0):
 garbage-first heap   total 239616K, used 155068K [0x0000000080000000, 0x0000000100000000)
  region size 1024K, 1 young (1024K), 1 survivors (1024K)
 Metaspace       used 135308K, capacity 139102K, committed 139340K, reserved 1169408K
  class space    used 17040K, capacity 18483K, committed 18508K, reserved 1048576K
}
Event: 1958.765 GC heap before
{Heap before GC invocations=89 (full 0):
 garbage-first heap   total 239616K, used 180668K [0x0000000080000000, 0x0000000100000000)
  region size 1024K, 26 young (26624K), 1 survivors (1024K)
 Metaspace       used 136568K, capacity 140498K, committed 140620K, reserved 1171456K
  class space    used 17178K, capacity 18670K, committed 18764K, reserved 1048576K
}
Event: 1958.769 GC heap after
{Heap after GC invocations=90 (full 0):
 garbage-first heap   total 239616K, used 156475K [0x0000000080000000, 0x0000000100000000)
  region size 1024K, 2 young (2048K), 2 survivors (2048K)
 Metaspace       used 136568K, capacity 140498K, committed 140620K, reserved 1171456K
  class space    used 17178K, capacity 18670K, committed 18764K, reserved 1048576K
}
Event: 1959.381 GC heap before
{Heap before GC invocations=90 (full 0):
 garbage-first heap   total 239616K, used 184123K [0x0000000080000000, 0x0000000100000000)
  region size 1024K, 29 young (29696K), 2 survivors (2048K)
 Metaspace       used 137847K, capacity 141880K, committed 142028K, reserved 1173504K
  class space    used 17285K, capacity 18809K, committed 18892K, reserved 1048576K
}
Event: 1959.385 GC heap after
{Heap after GC invocations=91 (full 0):
 garbage-first heap   total 239616K, used 156517K [0x0000000080000000, 0x0000000100000000)
  region size 1024K, 2 young (2048K), 2 survivors (2048K)
 Metaspace       used 137847K, capacity 141880K, committed 142028K, reserved 1173504K
  class space    used 17285K, capacity 18809K, committed 18892K, reserved 1048576K
}
Event: 1959.849 GC heap before
{Heap before GC invocations=91 (full 0):
 garbage-first heap   total 239616K, used 186213K [0x0000000080000000, 0x0000000100000000)
  region size 1024K, 32 young (32768K), 2 survivors (2048K)
 Metaspace       used 139733K, capacity 143915K, committed 144076K, reserved 1173504K
  class space    used 17695K, capacity 19286K, committed 19404K, reserved 1048576K
}
Event: 1959.858 GC heap after
{Heap after GC invocations=92 (full 0):
 garbage-first heap   total 239616K, used 162854K [0x0000000080000000, 0x0000000100000000)
  region size 1024K, 4 young (4096K), 4 survivors (4096K)
 Metaspace       used 139733K, capacity 143915K, committed 144076K, reserved 1173504K
  class space    used 17695K, capacity 19286K, committed 19404K, reserved 1048576K
}
Event: 1960.884 GC heap before
{Heap before GC invocations=92 (full 0):
 garbage-first heap   total 239616K, used 192550K [0x0000000080000000, 0x0000000100000000)
  region size 1024K, 31 young (31744K), 4 survivors (4096K)
 Metaspace       used 140839K, capacity 145123K, committed 145356K, reserved 1175552K
  class space    used 17796K, capacity 19394K, committed 19404K, reserved 1048576K
}

