# JRE version: OpenJDK Runtime Environment (11.0.11+9) (build 11.0.11+9-b60-7590822)
# Java VM: OpenJDK 64-Bit Server VM (11.0.11+9-b60-7590822, mixed mode, tiered, compressed oops, g1 gc, windows-amd64)
Heap:
 garbage-first heap   total 233472K, used 167629K [0x0000000080000000, 0x0000000100000000)
  region size 1024K, 90 young (92160K), 14 survivors (14336K)
 Metaspace       used 95025K, capacity 97478K, committed 97560K, reserved 1134592K
  class space    used 12133K, capacity 13029K, committed 13080K, reserved 1048576K
GC Heap History (20 events):
Event: 4.427 GC heap before
{Heap before GC invocations=6 (full 0):
 garbage-first heap   total 194560K, used 124216K [0x0000000080000000, 0x0000000100000000)
  region size 1024K, 102 young (104448K), 6 survivors (6144K)
 Metaspace       used 43366K, capacity 44323K, committed 44620K, reserved 1087488K
  class space    used 5537K, capacity 5903K, committed 5964K, reserved 1048576K
}
Event: 4.436 GC heap after
{Heap after GC invocations=7 (full 0):
 garbage-first heap   total 194560K, used 29239K [0x0000000080000000, 0x0000000100000000)
  region size 1024K, 12 young (12288K), 12 survivors (12288K)
 Metaspace       used 43366K, capacity 44323K, committed 44620K, reserved 1087488K
  class space    used 5537K, capacity 5903K, committed 5964K, reserved 1048576K
}
Event: 5.434 GC heap before
{Heap before GC invocations=7 (full 0):
 garbage-first heap   total 194560K, used 132663K [0x0000000080000000, 0x0000000100000000)
  region size 1024K, 109 young (111616K), 12 survivors (12288K)
 Metaspace       used 48094K, capacity 49374K, committed 49740K, reserved 1091584K
  class space    used 6157K, capacity 6602K, committed 6732K, reserved 1048576K
}
Event: 5.447 GC heap after
{Heap after GC invocations=8 (full 0):
 garbage-first heap   total 194560K, used 43381K [0x0000000080000000, 0x0000000100000000)
  region size 1024K, 14 young (14336K), 14 survivors (14336K)
 Metaspace       used 48094K, capacity 49374K, committed 49740K, reserved 1091584K
  class space    used 6157K, capacity 6602K, committed 6732K, reserved 1048576K
}
Event: 6.349 GC heap before
{Heap before GC invocations=8 (full 0):
 garbage-first heap   total 194560K, used 122229K [0x0000000080000000, 0x0000000100000000)
  region size 1024K, 92 young (94208K), 14 survivors (14336K)
 Metaspace       used 58795K, capacity 60171K, committed 60236K, reserved 1101824K
  class space    used 7442K, capacity 7966K, committed 8012K, reserved 1048576K
}
Event: 6.368 GC heap after
{Heap after GC invocations=9 (full 0):
 garbage-first heap   total 194560K, used 47728K [0x0000000080000000, 0x0000000100000000)
  region size 1024K, 4 young (4096K), 4 survivors (4096K)
 Metaspace       used 58795K, capacity 60171K, committed 60236K, reserved 1101824K
  class space    used 7442K, capacity 7966K, committed 8012K, reserved 1048576K
}
Event: 7.413 GC heap before
{Heap before GC invocations=10 (full 0):
 garbage-first heap   total 194560K, used 136816K [0x0000000080000000, 0x0000000100000000)
  region size 1024K, 91 young (93184K), 4 survivors (4096K)
 Metaspace       used 65725K, capacity 67252K, committed 67352K, reserved 1107968K
  class space    used 8337K, capacity 8884K, committed 8984K, reserved 1048576K
}
Event: 7.434 GC heap after
{Heap after GC invocations=11 (full 0):
 garbage-first heap   total 194560K, used 54001K [0x0000000080000000, 0x0000000100000000)
  region size 1024K, 11 young (11264K), 11 survivors (11264K)
 Metaspace       used 65725K, capacity 67252K, committed 67352K, reserved 1107968K
  class space    used 8337K, capacity 8884K, committed 8984K, reserved 1048576K
}
Event: 8.528 GC heap before
{Heap before GC invocations=12 (full 0):
 garbage-first heap   total 194560K, used 142065K [0x0000000080000000, 0x0000000100000000)
  region size 1024K, 97 young (99328K), 11 survivors (11264K)
 Metaspace       used 71622K, capacity 73348K, committed 73496K, reserved 1112064K
  class space    used 9252K, capacity 9867K, committed 10008K, reserved 1048576K
}
Event: 8.545 GC heap after
{Heap after GC invocations=13 (full 0):
 garbage-first heap   total 233472K, used 60244K [0x0000000080000000, 0x0000000100000000)
  region size 1024K, 7 young (7168K), 7 survivors (7168K)
 Metaspace       used 71622K, capacity 73348K, committed 73496K, reserved 1112064K
  class space    used 9252K, capacity 9867K, committed 10008K, reserved 1048576K
}
Event: 10.095 GC heap before
{Heap before GC invocations=13 (full 0):
 garbage-first heap   total 233472K, used 161620K [0x0000000080000000, 0x0000000100000000)
  region size 1024K, 107 young (109568K), 7 survivors (7168K)
 Metaspace       used 80579K, capacity 82491K, committed 82712K, reserved 1120256K
  class space    used 10457K, capacity 11153K, committed 11288K, reserved 1048576K
}
Event: 10.108 GC heap after
{Heap after GC invocations=14 (full 0):
 garbage-first heap   total 233472K, used 69390K [0x0000000080000000, 0x0000000100000000)
  region size 1024K, 14 young (14336K), 14 survivors (14336K)
 Metaspace       used 80579K, capacity 82491K, committed 82712K, reserved 1120256K
  class space    used 10457K, capacity 11153K, committed 11288K, reserved 1048576K
}
Event: 12.054 GC heap before
{Heap before GC invocations=14 (full 0):
 garbage-first heap   total 233472K, used 171790K [0x0000000080000000, 0x0000000100000000)
  region size 1024K, 113 young (115712K), 14 survivors (14336K)
 Metaspace       used 84692K, capacity 86933K, committed 87192K, reserved 1124352K
  class space    used 11002K, capacity 11831K, committed 11928K, reserved 1048576K
}
Event: 12.073 GC heap after
{Heap after GC invocations=15 (full 0):
 garbage-first heap   total 233472K, used 80083K [0x0000000080000000, 0x0000000100000000)
  region size 1024K, 9 young (9216K), 9 survivors (9216K)
 Metaspace       used 84692K, capacity 86933K, committed 87192K, reserved 1124352K
  class space    used 11002K, capacity 11831K, committed 11928K, reserved 1048576K
}
Event: 13.573 GC heap before
{Heap before GC invocations=15 (full 0):
 garbage-first heap   total 233472K, used 193747K [0x0000000080000000, 0x0000000100000000)
  region size 1024K, 104 young (106496K), 9 survivors (9216K)
 Metaspace       used 88651K, capacity 90935K, committed 91288K, reserved 1128448K
  class space    used 11425K, capacity 12299K, committed 12440K, reserved 1048576K
}
Event: 13.581 GC heap after
{Heap after GC invocations=16 (full 0):
 garbage-first heap   total 233472K, used 79068K [0x0000000080000000, 0x0000000100000000)
  region size 1024K, 3 young (3072K), 3 survivors (3072K)
 Metaspace       used 88651K, capacity 90935K, committed 91288K, reserved 1128448K
  class space    used 11425K, capacity 12299K, committed 12440K, reserved 1048576K
}
Event: 14.521 GC heap before
{Heap before GC invocations=16 (full 0):
 garbage-first heap   total 233472K, used 179420K [0x0000000080000000, 0x0000000100000000)
  region size 1024K, 102 young (104448K), 3 survivors (3072K)
 Metaspace       used 89515K, capacity 91853K, committed 92056K, reserved 1128448K
  class space    used 11482K, capacity 12382K, committed 12440K, reserved 1048576K
}
Event: 14.530 GC heap after
{Heap after GC invocations=17 (full 0):
 garbage-first heap   total 233472K, used 83968K [0x0000000080000000, 0x0000000100000000)
  region size 1024K, 7 young (7168K), 7 survivors (7168K)
 Metaspace       used 89515K, capacity 91853K, committed 92056K, reserved 1128448K
  class space    used 11482K, capacity 12382K, committed 12440K, reserved 1048576K
}
Event: 21.672 GC heap before
{Heap before GC invocations=17 (full 0):
 garbage-first heap   total 233472K, used 183296K [0x0000000080000000, 0x0000000100000000)
  region size 1024K, 105 young (107520K), 7 survivors (7168K)
 Metaspace       used 93810K, capacity 96209K, committed 96408K, reserved 1132544K
  class space    used 11998K, capacity 12862K, committed 12952K, reserved 1048576K
}
Event: 21.686 GC heap after
{Heap after GC invocations=18 (full 0):
 garbage-first heap   total 233472K, used 91853K [0x0000000080000000, 0x0000000100000000)
  region size 1024K, 14 young (14336K), 14 survivors (14336K)
 Metaspace       used 93810K, capacity 96209K, committed 96408K, reserved 1132544K
  class space    used 11998K, capacity 12862K, committed 12952K, reserved 1048576K
}

