# JRE version: OpenJDK Runtime Environment (11.0.11+9) (build 11.0.11+9-b60-7590822)
# Java VM: OpenJDK 64-Bit Server VM (11.0.11+9-b60-7590822, mixed mode, tiered, compressed oops, g1 gc, windows-amd64)
Heap:
 garbage-first heap   total 194560K, used 93492K [0x0000000080000000, 0x0000000100000000)
  region size 1024K, 35 young (35840K), 12 survivors (12288K)
 Metaspace       used 86261K, capacity 88391K, committed 88524K, reserved 1126400K
  class space    used 11349K, capacity 12153K, committed 12236K, reserved 1048576K
GC Heap History (20 events):
Event: 2.921 GC heap before
{Heap before GC invocations=1 (full 0):
 garbage-first heap   total 194560K, used 107766K [0x0000000080000000, 0x0000000100000000)
  region size 1024K, 100 young (102400K), 3 survivors (3072K)
 Metaspace       used 20680K, capacity 21081K, committed 21248K, reserved 1067008K
  class space    used 2546K, capacity 2695K, committed 2816K, reserved 1048576K
}
Event: 2.935 GC heap after
{Heap after GC invocations=2 (full 0):
 garbage-first heap   total 194560K, used 16953K [0x0000000080000000, 0x0000000100000000)
  region size 1024K, 11 young (11264K), 11 survivors (11264K)
 Metaspace       used 20680K, capacity 21081K, committed 21248K, reserved 1067008K
  class space    used 2546K, capacity 2695K, committed 2816K, reserved 1048576K
}
Event: 3.688 GC heap before
{Heap before GC invocations=3 (full 0):
 garbage-first heap   total 194560K, used 71225K [0x0000000080000000, 0x0000000100000000)
  region size 1024K, 64 young (65536K), 11 survivors (11264K)
 Metaspace       used 26157K, capacity 26703K, committed 27008K, reserved 1073152K
  class space    used 3427K, capacity 3618K, committed 3712K, reserved 1048576K
}
Event: 3.699 GC heap after
{Heap after GC invocations=4 (full 0):
 garbage-first heap   total 194560K, used 19911K [0x0000000080000000, 0x0000000100000000)
  region size 1024K, 3 young (3072K), 3 survivors (3072K)
 Metaspace       used 26157K, capacity 26703K, committed 27008K, reserved 1073152K
  class space    used 3427K, capacity 3618K, committed 3712K, reserved 1048576K
}
Event: 4.900 GC heap before
{Heap before GC invocations=4 (full 0):
 garbage-first heap   total 194560K, used 77255K [0x0000000080000000, 0x0000000100000000)
  region size 1024K, 60 young (61440K), 3 survivors (3072K)
 Metaspace       used 35023K, capacity 35786K, committed 35840K, reserved 1081344K
  class space    used 4559K, capacity 4863K, committed 4864K, reserved 1048576K
}
Event: 4.914 GC heap after
{Heap after GC invocations=5 (full 0):
 garbage-first heap   total 194560K, used 23187K [0x0000000080000000, 0x0000000100000000)
  region size 1024K, 6 young (6144K), 6 survivors (6144K)
 Metaspace       used 35023K, capacity 35786K, committed 35840K, reserved 1081344K
  class space    used 4559K, capacity 4863K, committed 4864K, reserved 1048576K
}
Event: 7.035 GC heap before
{Heap before GC invocations=6 (full 0):
 garbage-first heap   total 194560K, used 129683K [0x0000000080000000, 0x0000000100000000)
  region size 1024K, 107 young (109568K), 6 survivors (6144K)
 Metaspace       used 43751K, capacity 44784K, committed 45004K, reserved 1087488K
  class space    used 5589K, capacity 5970K, committed 6092K, reserved 1048576K
}
Event: 7.051 GC heap after
{Heap after GC invocations=7 (full 0):
 garbage-first heap   total 194560K, used 30120K [0x0000000080000000, 0x0000000100000000)
  region size 1024K, 13 young (13312K), 13 survivors (13312K)
 Metaspace       used 43751K, capacity 44784K, committed 45004K, reserved 1087488K
  class space    used 5589K, capacity 5970K, committed 6092K, reserved 1048576K
}
Event: 12.007 GC heap before
{Heap before GC invocations=7 (full 0):
 garbage-first heap   total 194560K, used 138664K [0x0000000080000000, 0x0000000100000000)
  region size 1024K, 114 young (116736K), 13 survivors (13312K)
 Metaspace       used 48790K, capacity 50132K, committed 50380K, reserved 1093632K
  class space    used 6234K, capacity 6735K, committed 6860K, reserved 1048576K
}
Event: 12.023 GC heap after
{Heap after GC invocations=8 (full 0):
 garbage-first heap   total 194560K, used 44320K [0x0000000080000000, 0x0000000100000000)
  region size 1024K, 15 young (15360K), 15 survivors (15360K)
 Metaspace       used 48790K, capacity 50132K, committed 50380K, reserved 1093632K
  class space    used 6234K, capacity 6735K, committed 6860K, reserved 1048576K
}
Event: 13.922 GC heap before
{Heap before GC invocations=8 (full 0):
 garbage-first heap   total 194560K, used 111904K [0x0000000080000000, 0x0000000100000000)
  region size 1024K, 82 young (83968K), 15 survivors (15360K)
 Metaspace       used 58748K, capacity 60232K, committed 60236K, reserved 1101824K
  class space    used 7479K, capacity 8008K, committed 8012K, reserved 1048576K
}
Event: 13.943 GC heap after
{Heap after GC invocations=9 (full 0):
 garbage-first heap   total 194560K, used 48187K [0x0000000080000000, 0x0000000100000000)
  region size 1024K, 4 young (4096K), 4 survivors (4096K)
 Metaspace       used 58748K, capacity 60232K, committed 60236K, reserved 1101824K
  class space    used 7479K, capacity 8008K, committed 8012K, reserved 1048576K
}
Event: 15.477 GC heap before
{Heap before GC invocations=10 (full 0):
 garbage-first heap   total 194560K, used 134203K [0x0000000080000000, 0x0000000100000000)
  region size 1024K, 88 young (90112K), 4 survivors (4096K)
 Metaspace       used 64774K, capacity 66336K, committed 66508K, reserved 1107968K
  class space    used 8254K, capacity 8856K, committed 8908K, reserved 1048576K
}
Event: 15.487 GC heap after
{Heap after GC invocations=11 (full 0):
 garbage-first heap   total 194560K, used 53667K [0x0000000080000000, 0x0000000100000000)
  region size 1024K, 9 young (9216K), 9 survivors (9216K)
 Metaspace       used 64774K, capacity 66336K, committed 66508K, reserved 1107968K
  class space    used 8254K, capacity 8856K, committed 8908K, reserved 1048576K
}
Event: 16.729 GC heap before
{Heap before GC invocations=11 (full 0):
 garbage-first heap   total 194560K, used 139683K [0x0000000080000000, 0x0000000100000000)
  region size 1024K, 93 young (95232K), 9 survivors (9216K)
 Metaspace       used 70324K, capacity 71970K, committed 72012K, reserved 1112064K
  class space    used 9138K, capacity 9768K, committed 9804K, reserved 1048576K
}
Event: 16.745 GC heap after
{Heap after GC invocations=12 (full 0):
 garbage-first heap   total 194560K, used 60358K [0x0000000080000000, 0x0000000100000000)
  region size 1024K, 7 young (7168K), 7 survivors (7168K)
 Metaspace       used 70324K, capacity 71970K, committed 72012K, reserved 1112064K
  class space    used 9138K, capacity 9768K, committed 9804K, reserved 1048576K
}
Event: 19.976 GC heap before
{Heap before GC invocations=12 (full 0):
 garbage-first heap   total 194560K, used 144326K [0x0000000080000000, 0x0000000100000000)
  region size 1024K, 89 young (91136K), 7 survivors (7168K)
 Metaspace       used 78033K, capacity 79933K, committed 80076K, reserved 1118208K
  class space    used 10206K, capacity 10898K, committed 10956K, reserved 1048576K
}
Event: 19.989 GC heap after
{Heap after GC invocations=13 (full 0):
 garbage-first heap   total 194560K, used 65514K [0x0000000080000000, 0x0000000100000000)
  region size 1024K, 12 young (12288K), 12 survivors (12288K)
 Metaspace       used 78033K, capacity 79933K, committed 80076K, reserved 1118208K
  class space    used 10206K, capacity 10898K, committed 10956K, reserved 1048576K
}
Event: 25.878 GC heap before
{Heap before GC invocations=13 (full 0):
 garbage-first heap   total 194560K, used 147434K [0x0000000080000000, 0x0000000100000000)
  region size 1024K, 93 young (95232K), 12 survivors (12288K)
 Metaspace       used 86063K, capacity 88225K, committed 88524K, reserved 1126400K
  class space    used 11337K, capacity 12145K, committed 12236K, reserved 1048576K
}
Event: 25.896 GC heap after
{Heap after GC invocations=14 (full 0):
 garbage-first heap   total 194560K, used 71988K [0x0000000080000000, 0x0000000100000000)
  region size 1024K, 12 young (12288K), 12 survivors (12288K)
 Metaspace       used 86063K, capacity 88225K, committed 88524K, reserved 1126400K
  class space    used 11337K, capacity 12145K, committed 12236K, reserved 1048576K
}

