# JRE version: OpenJDK Runtime Environment (11.0.11+9) (build 11.0.11+9-b60-7590822)
# Java VM: OpenJDK 64-Bit Server VM (11.0.11+9-b60-7590822, mixed mode, tiered, compressed oops, g1 gc, windows-amd64)
Heap:
 garbage-first heap   total 194560K, used 108348K [0x0000000080000000, 0x0000000100000000)
  region size 1024K, 89 young (91136K), 6 survivors (6144K)
 Metaspace       used 41746K, capacity 42711K, committed 42956K, reserved 1087488K
  class space    used 5396K, capacity 5750K, committed 5836K, reserved 1048576K
GC Heap History (8 events):
Event: 1.140 GC heap before
{Heap before GC invocations=0 (full 0):
 garbage-first heap   total 194560K, used 29696K [0x0000000080000000, 0x0000000100000000)
  region size 1024K, 24 young (24576K), 0 survivors (0K)
 Metaspace       used 10247K, capacity 10487K, committed 10624K, reserved 1058816K
  class space    used 1072K, capacity 1141K, committed 1152K, reserved 1048576K
}
Event: 1.145 GC heap after
{Heap after GC invocations=1 (full 0):
 garbage-first heap   total 194560K, used 9340K [0x0000000080000000, 0x0000000100000000)
  region size 1024K, 3 young (3072K), 3 survivors (3072K)
 Metaspace       used 10247K, capacity 10487K, committed 10624K, reserved 1058816K
  class space    used 1072K, capacity 1141K, committed 1152K, reserved 1048576K
}
Event: 4.155 GC heap before
{Heap before GC invocations=1 (full 0):
 garbage-first heap   total 194560K, used 107644K [0x0000000080000000, 0x0000000100000000)
  region size 1024K, 100 young (102400K), 3 survivors (3072K)
 Metaspace       used 20706K, capacity 21075K, committed 21248K, reserved 1067008K
  class space    used 2543K, capacity 2693K, committed 2816K, reserved 1048576K
}
Event: 4.170 GC heap after
{Heap after GC invocations=2 (full 0):
 garbage-first heap   total 194560K, used 16655K [0x0000000080000000, 0x0000000100000000)
  region size 1024K, 11 young (11264K), 11 survivors (11264K)
 Metaspace       used 20706K, capacity 21075K, committed 21248K, reserved 1067008K
  class space    used 2543K, capacity 2693K, committed 2816K, reserved 1048576K
}
Event: 5.031 GC heap before
{Heap before GC invocations=3 (full 0):
 garbage-first heap   total 194560K, used 62735K [0x0000000080000000, 0x0000000100000000)
  region size 1024K, 56 young (57344K), 11 survivors (11264K)
 Metaspace       used 25394K, capacity 25966K, committed 26112K, reserved 1071104K
  class space    used 3300K, capacity 3499K, committed 3584K, reserved 1048576K
}
Event: 5.039 GC heap after
{Heap after GC invocations=4 (full 0):
 garbage-first heap   total 194560K, used 18849K [0x0000000080000000, 0x0000000100000000)
  region size 1024K, 3 young (3072K), 3 survivors (3072K)
 Metaspace       used 25394K, capacity 25966K, committed 26112K, reserved 1071104K
  class space    used 3300K, capacity 3499K, committed 3584K, reserved 1048576K
}
Event: 6.879 GC heap before
{Heap before GC invocations=4 (full 0):
 garbage-first heap   total 194560K, used 84385K [0x0000000080000000, 0x0000000100000000)
  region size 1024K, 68 young (69632K), 3 survivors (3072K)
 Metaspace       used 35049K, capacity 35786K, committed 35840K, reserved 1081344K
  class space    used 4563K, capacity 4863K, committed 4864K, reserved 1048576K
}
Event: 6.888 GC heap after
{Heap after GC invocations=5 (full 0):
 garbage-first heap   total 194560K, used 22332K [0x0000000080000000, 0x0000000100000000)
  region size 1024K, 6 young (6144K), 6 survivors (6144K)
 Metaspace       used 35049K, capacity 35786K, committed 35840K, reserved 1081344K
  class space    used 4563K, capacity 4863K, committed 4864K, reserved 1048576K
}

