# JRE version: OpenJDK Runtime Environment (11.0.11+9) (build 11.0.11+9-b60-7590822)
# Java VM: OpenJDK 64-Bit Server VM (11.0.11+9-b60-7590822, mixed mode, tiered, compressed oops, g1 gc, windows-amd64)
Heap:
 garbage-first heap   total 458752K, used 247789K [0x0000000080000000, 0x0000000100000000)
  region size 1024K, 8 young (8192K), 8 survivors (8192K)
 Metaspace       used 101701K, capacity 104404K, committed 104600K, reserved 1140736K
  class space    used 13245K, capacity 14218K, committed 14232K, reserved 1048576K
GC Heap History (20 events):
Event: 19.963 GC heap after
{Heap after GC invocations=27 (full 0):
 garbage-first heap   total 306176K, used 212856K [0x0000000080000000, 0x0000000100000000)
  region size 1024K, 5 young (5120K), 5 survivors (5120K)
 Metaspace       used 97574K, capacity 100218K, committed 100376K, reserved 1136640K
  class space    used 12828K, capacity 13796K, committed 13848K, reserved 1048576K
}
Event: 20.542 GC heap before
{Heap before GC invocations=27 (full 0):
 garbage-first heap   total 306176K, used 233336K [0x0000000080000000, 0x0000000100000000)
  region size 1024K, 36 young (36864K), 5 survivors (5120K)
 Metaspace       used 97824K, capacity 100473K, committed 100760K, reserved 1136640K
  class space    used 12846K, capacity 13827K, committed 13976K, reserved 1048576K
}
Event: 20.560 GC heap after
{Heap after GC invocations=28 (full 0):
 garbage-first heap   total 306176K, used 205490K [0x0000000080000000, 0x0000000100000000)
  region size 1024K, 5 young (5120K), 5 survivors (5120K)
 Metaspace       used 97824K, capacity 100473K, committed 100760K, reserved 1136640K
  class space    used 12846K, capacity 13827K, committed 13976K, reserved 1048576K
}
Event: 20.968 GC heap before
{Heap before GC invocations=29 (full 0):
 garbage-first heap   total 306176K, used 242354K [0x0000000080000000, 0x0000000100000000)
  region size 1024K, 40 young (40960K), 5 survivors (5120K)
 Metaspace       used 98093K, capacity 100779K, committed 101016K, reserved 1136640K
  class space    used 12869K, capacity 13837K, committed 13976K, reserved 1048576K
}
Event: 20.981 GC heap after
{Heap after GC invocations=30 (full 0):
 garbage-first heap   total 367616K, used 209484K [0x0000000080000000, 0x0000000100000000)
  region size 1024K, 3 young (3072K), 3 survivors (3072K)
 Metaspace       used 98093K, capacity 100779K, committed 101016K, reserved 1136640K
  class space    used 12869K, capacity 13837K, committed 13976K, reserved 1048576K
}
Event: 21.239 GC heap before
{Heap before GC invocations=30 (full 0):
 garbage-first heap   total 367616K, used 223820K [0x0000000080000000, 0x0000000100000000)
  region size 1024K, 17 young (17408K), 3 survivors (3072K)
 Metaspace       used 98098K, capacity 100779K, committed 101016K, reserved 1136640K
  class space    used 12869K, capacity 13837K, committed 13976K, reserved 1048576K
}
Event: 21.258 GC heap after
{Heap after GC invocations=31 (full 0):
 garbage-first heap   total 367616K, used 208243K [0x0000000080000000, 0x0000000100000000)
  region size 1024K, 2 young (2048K), 2 survivors (2048K)
 Metaspace       used 98098K, capacity 100779K, committed 101016K, reserved 1136640K
  class space    used 12869K, capacity 13837K, committed 13976K, reserved 1048576K
}
Event: 21.281 GC heap before
{Heap before GC invocations=31 (full 0):
 garbage-first heap   total 367616K, used 209267K [0x0000000080000000, 0x0000000100000000)
  region size 1024K, 4 young (4096K), 2 survivors (2048K)
 Metaspace       used 98098K, capacity 100779K, committed 101016K, reserved 1136640K
  class space    used 12869K, capacity 13837K, committed 13976K, reserved 1048576K
}
Event: 21.288 GC heap after
{Heap after GC invocations=32 (full 0):
 garbage-first heap   total 367616K, used 208235K [0x0000000080000000, 0x0000000100000000)
  region size 1024K, 2 young (2048K), 2 survivors (2048K)
 Metaspace       used 98098K, capacity 100779K, committed 101016K, reserved 1136640K
  class space    used 12869K, capacity 13837K, committed 13976K, reserved 1048576K
}
Event: 22.542 GC heap before
{Heap before GC invocations=33 (full 0):
 garbage-first heap   total 367616K, used 271723K [0x0000000080000000, 0x0000000100000000)
  region size 1024K, 58 young (59392K), 2 survivors (2048K)
 Metaspace       used 99260K, capacity 101928K, committed 102040K, reserved 1136640K
  class space    used 12981K, capacity 13958K, committed 13976K, reserved 1048576K
}
Event: 22.566 GC heap after
{Heap after GC invocations=34 (full 0):
 garbage-first heap   total 367616K, used 221543K [0x0000000080000000, 0x0000000100000000)
  region size 1024K, 8 young (8192K), 8 survivors (8192K)
 Metaspace       used 99260K, capacity 101928K, committed 102040K, reserved 1136640K
  class space    used 12981K, capacity 13958K, committed 13976K, reserved 1048576K
}
Event: 22.723 GC heap before
{Heap before GC invocations=34 (full 0):
 garbage-first heap   total 367616K, used 234855K [0x0000000080000000, 0x0000000100000000)
  region size 1024K, 17 young (17408K), 8 survivors (8192K)
 Metaspace       used 99447K, capacity 102101K, committed 102424K, reserved 1138688K
  class space    used 13012K, capacity 13989K, committed 14104K, reserved 1048576K
}
Event: 22.746 GC heap after
{Heap after GC invocations=35 (full 0):
 garbage-first heap   total 367616K, used 222707K [0x0000000080000000, 0x0000000100000000)
  region size 1024K, 3 young (3072K), 3 survivors (3072K)
 Metaspace       used 99447K, capacity 102101K, committed 102424K, reserved 1138688K
  class space    used 13012K, capacity 13989K, committed 14104K, reserved 1048576K
}
Event: 23.326 GC heap before
{Heap before GC invocations=35 (full 0):
 garbage-first heap   total 367616K, used 276979K [0x0000000080000000, 0x0000000100000000)
  region size 1024K, 57 young (58368K), 3 survivors (3072K)
 Metaspace       used 99995K, capacity 102753K, committed 102936K, reserved 1138688K
  class space    used 13076K, capacity 14078K, committed 14104K, reserved 1048576K
}
Event: 23.339 GC heap after
{Heap after GC invocations=36 (full 0):
 garbage-first heap   total 367616K, used 223329K [0x0000000080000000, 0x0000000100000000)
  region size 1024K, 4 young (4096K), 4 survivors (4096K)
 Metaspace       used 99995K, capacity 102753K, committed 102936K, reserved 1138688K
  class space    used 13076K, capacity 14078K, committed 14104K, reserved 1048576K
}
Event: 24.375 GC heap before
{Heap before GC invocations=37 (full 0):
 garbage-first heap   total 367616K, used 287841K [0x0000000080000000, 0x0000000100000000)
  region size 1024K, 62 young (63488K), 4 survivors (4096K)
 Metaspace       used 100794K, capacity 103558K, committed 103832K, reserved 1138688K
  class space    used 13163K, capacity 14174K, committed 14232K, reserved 1048576K
}
Event: 24.386 GC heap after
{Heap after GC invocations=38 (full 0):
 garbage-first heap   total 367616K, used 232876K [0x0000000080000000, 0x0000000100000000)
  region size 1024K, 7 young (7168K), 7 survivors (7168K)
 Metaspace       used 100794K, capacity 103558K, committed 103832K, reserved 1138688K
  class space    used 13163K, capacity 14174K, committed 14232K, reserved 1048576K
}
Event: 24.483 GC heap before
{Heap before GC invocations=38 (full 0):
 garbage-first heap   total 367616K, used 243116K [0x0000000080000000, 0x0000000100000000)
  region size 1024K, 17 young (17408K), 7 survivors (7168K)
 Metaspace       used 101057K, capacity 103809K, committed 103832K, reserved 1138688K
  class space    used 13194K, capacity 14215K, committed 14232K, reserved 1048576K
}
Event: 24.498 GC heap after
{Heap after GC invocations=39 (full 0):
 garbage-first heap   total 367616K, used 231576K [0x0000000080000000, 0x0000000100000000)
  region size 1024K, 3 young (3072K), 3 survivors (3072K)
 Metaspace       used 101057K, capacity 103809K, committed 103832K, reserved 1138688K
  class space    used 13194K, capacity 14215K, committed 14232K, reserved 1048576K
}
Event: 24.923 GC heap before
{Heap before GC invocations=39 (full 0):
 garbage-first heap   total 367616K, used 300184K [0x0000000080000000, 0x0000000100000000)
  region size 1024K, 61 young (62464K), 3 survivors (3072K)
 Metaspace       used 101701K, capacity 104404K, committed 104600K, reserved 1140736K
  class space    used 13245K, capacity 14218K, committed 14232K, reserved 1048576K
}

