# JRE version: OpenJDK Runtime Environment (11.0.11+9) (build 11.0.11+9-b60-7590822)
# Java VM: OpenJDK 64-Bit Server VM (11.0.11+9-b60-7590822, mixed mode, tiered, compressed oops, g1 gc, windows-amd64)
Heap:
 garbage-first heap   total 194560K, used 96478K [0x0000000080000000, 0x0000000100000000)
  region size 1024K, 79 young (80896K), 12 survivors (12288K)
 Metaspace       used 48069K, capacity 49380K, committed 49408K, reserved 1091584K
  class space    used 6182K, capacity 6651K, committed 6656K, reserved 1048576K
GC Heap History (10 events):
Event: 3.024 GC heap before
{Heap before GC invocations=0 (full 0):
 garbage-first heap   total 194560K, used 29696K [0x0000000080000000, 0x0000000100000000)
  region size 1024K, 24 young (24576K), 0 survivors (0K)
 Metaspace       used 10247K, capacity 10487K, committed 10624K, reserved 1058816K
  class space    used 1072K, capacity 1141K, committed 1152K, reserved 1048576K
}
Event: 3.029 GC heap after
{Heap after GC invocations=1 (full 0):
 garbage-first heap   total 194560K, used 9426K [0x0000000080000000, 0x0000000100000000)
  region size 1024K, 3 young (3072K), 3 survivors (3072K)
 Metaspace       used 10247K, capacity 10487K, committed 10624K, reserved 1058816K
  class space    used 1072K, capacity 1141K, committed 1152K, reserved 1048576K
}
Event: 5.704 GC heap before
{Heap before GC invocations=1 (full 0):
 garbage-first heap   total 194560K, used 107730K [0x0000000080000000, 0x0000000100000000)
  region size 1024K, 100 young (102400K), 3 survivors (3072K)
 Metaspace       used 20692K, capacity 21075K, committed 21248K, reserved 1067008K
  class space    used 2538K, capacity 2693K, committed 2816K, reserved 1048576K
}
Event: 5.725 GC heap after
{Heap after GC invocations=2 (full 0):
 garbage-first heap   total 194560K, used 17063K [0x0000000080000000, 0x0000000100000000)
  region size 1024K, 11 young (11264K), 11 survivors (11264K)
 Metaspace       used 20692K, capacity 21075K, committed 21248K, reserved 1067008K
  class space    used 2538K, capacity 2693K, committed 2816K, reserved 1048576K
}
Event: 6.005 GC heap before
{Heap before GC invocations=3 (full 0):
 garbage-first heap   total 194560K, used 37543K [0x0000000080000000, 0x0000000100000000)
  region size 1024K, 31 young (31744K), 11 survivors (11264K)
 Metaspace       used 22549K, capacity 23073K, committed 23296K, reserved 1069056K
  class space    used 2875K, capacity 3046K, committed 3072K, reserved 1048576K
}
Event: 6.011 GC heap after
{Heap after GC invocations=4 (full 0):
 garbage-first heap   total 194560K, used 17740K [0x0000000080000000, 0x0000000100000000)
  region size 1024K, 1 young (1024K), 1 survivors (1024K)
 Metaspace       used 22549K, capacity 23073K, committed 23296K, reserved 1069056K
  class space    used 2875K, capacity 3046K, committed 3072K, reserved 1048576K
}
Event: 8.118 GC heap before
{Heap before GC invocations=4 (full 0):
 garbage-first heap   total 194560K, used 108876K [0x0000000080000000, 0x0000000100000000)
  region size 1024K, 91 young (93184K), 1 survivors (1024K)
 Metaspace       used 35028K, capacity 35785K, committed 35840K, reserved 1081344K
  class space    used 4556K, capacity 4863K, committed 4864K, reserved 1048576K
}
Event: 8.133 GC heap after
{Heap after GC invocations=5 (full 0):
 garbage-first heap   total 194560K, used 22455K [0x0000000080000000, 0x0000000100000000)
  region size 1024K, 6 young (6144K), 6 survivors (6144K)
 Metaspace       used 35028K, capacity 35785K, committed 35840K, reserved 1081344K
  class space    used 4556K, capacity 4863K, committed 4864K, reserved 1048576K
}
Event: 10.343 GC heap before
{Heap before GC invocations=6 (full 0):
 garbage-first heap   total 194560K, used 124855K [0x0000000080000000, 0x0000000100000000)
  region size 1024K, 103 young (105472K), 6 survivors (6144K)
 Metaspace       used 43508K, capacity 44518K, committed 44672K, reserved 1087488K
  class space    used 5551K, capacity 5904K, committed 6016K, reserved 1048576K
}
Event: 10.357 GC heap after
{Heap after GC invocations=7 (full 0):
 garbage-first heap   total 194560K, used 28894K [0x0000000080000000, 0x0000000100000000)
  region size 1024K, 12 young (12288K), 12 survivors (12288K)
 Metaspace       used 43508K, capacity 44518K, committed 44672K, reserved 1087488K
  class space    used 5551K, capacity 5904K, committed 6016K, reserved 1048576K
}

